<?xml version="1.0" encoding="UTF-8"?>
<!-- Generated by org.testng.reporters.JUnitXMLReporter -->
<testsuite ignored="0" hostname="madhu-PC" failures="0" tests="3" name="Default test" time="10.418" errors="0" timestamp="2024-10-01T17:54:54 IST">
  <testcase classname="RestAssuredDemo.DynamicJson" name="addBook" time="9.828"/>
  <testcase classname="RestAssuredDemo.DynamicJson" name="addBook" time="0.196"/>
  <testcase classname="RestAssuredDemo.DynamicJson" name="addBook" time="0.161"/>
</testsuite> <!-- Default test -->
