<?xml version="1.0" encoding="UTF-8"?>
<testng-results ignored="0" total="1" passed="1" failed="0" skipped="0">
  <reporter-output>
  </reporter-output>
  <suite started-at="2024-07-03T16:59:57 IST" name="Default suite" finished-at="2024-07-03T17:00:00 IST" duration-ms="3200">
    <groups>
    </groups>
    <test started-at="2024-07-03T16:59:57 IST" name="Default test" finished-at="2024-07-03T17:00:00 IST" duration-ms="3200">
      <class name="RestAssuredDemo.SumValidation">
        <test-method signature="validateSum()[pri:0, instance:RestAssuredDemo.SumValidation@692f203f]" started-at="2024-07-03T16:59:57 IST" name="validateSum" finished-at="2024-07-03T17:00:00 IST" duration-ms="3076" status="PASS">
          <reporter-output>
          </reporter-output>
        </test-method> <!-- validateSum -->
      </class> <!-- RestAssuredDemo.SumValidation -->
    </test> <!-- Default test -->
  </suite> <!-- Default suite -->
</testng-results>
